{
  "0 debug pnpm:scope": {
    "selected": 1,
    "total": 3
  },
  "1 info pnpm": {
    "err": {
      "name": "Error",
      "message": "@dev-demands/web@0.1.0 start: `react-scripts start`\nExit status 1",
      "code": "ELIFECYCLE",
      "stack": "Error: @dev-demands/web@0.1.0 start: `react-scripts start`\nExit status 1\n    at EventEmitter.<anonymous> (/home/red/.nvm/versions/node/v14.17.3/lib/node_modules/pnpm/dist/pnpm.cjs:106373:20)\n    at EventEmitter.emit (events.js:375:28)\n    at ChildProcess.<anonymous> (/home/red/.nvm/versions/node/v14.17.3/lib/node_modules/pnpm/dist/pnpm.cjs:94679:18)\n    at ChildProcess.emit (events.js:375:28)\n    at maybeClose (internal/child_process.js:1055:16)\n    at Process.ChildProcess._handle.onexit (internal/child_process.js:288:5)"
    }
  },
  "2 error pnpm": {
    "errno": 1,
    "code": "ERR_PNPM_RECURSIVE_RUN_FIRST_FAIL",
    "pkgid": "@dev-demands/web@0.1.0",
    "stage": "start",
    "script": "react-scripts start",
    "pkgname": "@dev-demands/web",
    "prefix": "/home/red/Área de Trabalho/Hiring Coders/Módulo 4/GraphQL/packages/web",
    "err": {
      "name": "Error",
      "message": "@dev-demands/web@0.1.0 start: `react-scripts start`\nExit status 1",
      "code": "ERR_PNPM_RECURSIVE_RUN_FIRST_FAIL",
      "stack": "Error: @dev-demands/web@0.1.0 start: `react-scripts start`\nExit status 1\n    at EventEmitter.<anonymous> (/home/red/.nvm/versions/node/v14.17.3/lib/node_modules/pnpm/dist/pnpm.cjs:106373:20)\n    at EventEmitter.emit (events.js:375:28)\n    at ChildProcess.<anonymous> (/home/red/.nvm/versions/node/v14.17.3/lib/node_modules/pnpm/dist/pnpm.cjs:94679:18)\n    at ChildProcess.emit (events.js:375:28)\n    at maybeClose (internal/child_process.js:1055:16)\n    at Process.ChildProcess._handle.onexit (internal/child_process.js:288:5)"
    }
  }
}